  main.cpp
C:\Users\youn7\computer science\cpp\cpp 10.4\cpp 10.4\Doctor.h(10,14): error C2065: 'Patient': 선언되지 않은 식별자입니다.
C:\Users\youn7\computer science\cpp\cpp 10.4\cpp 10.4\Doctor.h(10,22): error C2059: 구문 오류: '>'
C:\Users\youn7\computer science\cpp\cpp 10.4\cpp 10.4\Doctor.h(18,18): error C2061: 구문 오류: 식별자 'Patient'
C:\Users\youn7\computer science\cpp\cpp 10.4\cpp 10.4\Doctor.h(20,24): error C2065: 'new_patient': 선언되지 않은 식별자입니다.
C:\Users\youn7\computer science\cpp\cpp 10.4\cpp 10.4\Doctor.h(25,18): error C2672: 'begin': 일치하는 오버로드된 함수가 없습니다.
C:\Users\youn7\computer science\cpp\cpp 10.4\cpp 10.4\Doctor.h(25,1): error C2893: 함수 템플릿 'unknown-type std::begin(_Container &)'을(를) 특수화하지 못했습니다.
C:\Program Files (x86)\Microsoft Visual Studio\2019\Community\VC\Tools\MSVC\14.28.29910\include\xutility(2170): message : 'std::begin' 선언을 참조하십시오.
C:\Users\youn7\computer science\cpp\cpp 10.4\cpp 10.4\Doctor.h(25,1): message : 다음 템플릿 인수 사용:
C:\Users\youn7\computer science\cpp\cpp 10.4\cpp 10.4\Doctor.h(25,1): message : '_Container=unknown-type'
C:\Users\youn7\computer science\cpp\cpp 10.4\cpp 10.4\Doctor.h(25,1): error C2784: 'const _Elem *std::begin(std::initializer_list<_Elem>) noexcept': 'std::initializer_list<_Elem>'의 템플릿 인수를 'unknown-type'에서 추론할 수 없습니다.
C:\Program Files (x86)\Microsoft Visual Studio\2019\Community\VC\Tools\MSVC\14.28.29910\include\initializer_list(57): message : 'std::begin' 선언을 참조하십시오.
C:\Users\youn7\computer science\cpp\cpp 10.4\cpp 10.4\Doctor.h(25,18): error C2672: 'end': 일치하는 오버로드된 함수가 없습니다.
C:\Users\youn7\computer science\cpp\cpp 10.4\cpp 10.4\Doctor.h(25,1): error C2893: 함수 템플릿 'unknown-type std::end(_Container &)'을(를) 특수화하지 못했습니다.
C:\Program Files (x86)\Microsoft Visual Studio\2019\Community\VC\Tools\MSVC\14.28.29910\include\xutility(2180): message : 'std::end' 선언을 참조하십시오.
C:\Users\youn7\computer science\cpp\cpp 10.4\cpp 10.4\Doctor.h(25,1): message : 다음 템플릿 인수 사용:
C:\Users\youn7\computer science\cpp\cpp 10.4\cpp 10.4\Doctor.h(25,1): message : '_Container=unknown-type'
C:\Users\youn7\computer science\cpp\cpp 10.4\cpp 10.4\Doctor.h(25,1): error C2784: 'const _Elem *std::end(std::initializer_list<_Elem>) noexcept': 'std::initializer_list<_Elem>'의 템플릿 인수를 'unknown-type'에서 추론할 수 없습니다.
C:\Program Files (x86)\Microsoft Visual Studio\2019\Community\VC\Tools\MSVC\14.28.29910\include\initializer_list(63): message : 'std::end' 선언을 참조하십시오.
C:\Users\youn7\computer science\cpp\cpp 10.4\cpp 10.4\Doctor.h(25,1): error C3536: '<begin>$L0': 초기화되기 전에 사용할 수 없습니다.
C:\Users\youn7\computer science\cpp\cpp 10.4\cpp 10.4\Doctor.h(25,1): error C3536: '<end>$L0': 초기화되기 전에 사용할 수 없습니다.
C:\Users\youn7\computer science\cpp\cpp 10.4\cpp 10.4\Doctor.h(25,28): error C2100: 간접 참조가 잘못되었습니다.
C:\Users\youn7\computer science\cpp\cpp 10.4\cpp 10.4\main.cpp(17,19): error C2660: 'Doctor::addPatient': 함수는 1개의 인수를 사용하지 않습니다.
C:\Users\youn7\computer science\cpp\cpp 10.4\cpp 10.4\Doctor.h(18,7): message : 'Doctor::addPatient' 선언을 참조하십시오.
C:\Users\youn7\computer science\cpp\cpp 10.4\cpp 10.4\main.cpp(20,19): error C2660: 'Doctor::addPatient': 함수는 1개의 인수를 사용하지 않습니다.
C:\Users\youn7\computer science\cpp\cpp 10.4\cpp 10.4\Doctor.h(18,7): message : 'Doctor::addPatient' 선언을 참조하십시오.
C:\Users\youn7\computer science\cpp\cpp 10.4\cpp 10.4\main.cpp(23,19): error C2660: 'Doctor::addPatient': 함수는 1개의 인수를 사용하지 않습니다.
C:\Users\youn7\computer science\cpp\cpp 10.4\cpp 10.4\Doctor.h(18,7): message : 'Doctor::addPatient' 선언을 참조하십시오.
